
Showing logs for build [32mcb-kubecd-environment-pr-206-42-hks45-1[0m stage [32mfrom-build-pack[0m and container [32mstep-credential-initializer-chbtm[0m
{"level":"info","ts":1587556268.4566264,"logger":"fallback-logger","caller":"logging/config.go:69","msg":"Fetch GitHub commit ID from kodata failed: open /var/run/ko/refs/heads/0.8.0-ns-support: no such file or directory"}
{"level":"info","ts":1587556268.4571826,"logger":"fallback-logger","caller":"creds-init/main.go:40","msg":"Credentials initialized."}

Showing logs for build [32mcb-kubecd-environment-pr-206-42-hks45-1[0m stage [32mfrom-build-pack[0m and container [32mstep-working-dir-initializer-cchdl[0m
{"level":"info","ts":1587556269.5287414,"logger":"fallback-logger","caller":"logging/config.go:69","msg":"Fetch GitHub commit ID from kodata failed: open /var/run/ko/HEAD: no such file or directory"}
{"level":"info","ts":1587556269.5325172,"logger":"fallback-logger","caller":"bash/main.go:64","msg":"Successfully executed command \"sh -c mkdir -p /workspace/source\"; output "}

Showing logs for build [32mcb-kubecd-environment-pr-206-42-hks45-1[0m stage [32mfrom-build-pack[0m and container [32mstep-place-tools[0m

Showing logs for build [32mcb-kubecd-environment-pr-206-42-hks45-1[0m stage [32mfrom-build-pack[0m and container [32mstep-git-source-cb-kubecd-environment-pr-206-42-hks45-mxcqv[0m
{"level":"info","ts":1587556272.773317,"logger":"fallback-logger","caller":"logging/config.go:69","msg":"Fetch GitHub commit ID from kodata failed: open /var/run/ko/refs/heads/0.8.0-ns-support: no such file or directory"}
{"level":"info","ts":1587556273.8094215,"logger":"fallback-logger","caller":"git/git.go:103","msg":"Successfully cloned https://github.com/cb-kubecd/environment-pr-206-42-boot-gke-staging.git @ master in path /workspace/source"}

Showing logs for build [32mcb-kubecd-environment-pr-206-42-hks45-1[0m stage [32mfrom-build-pack[0m and container [32mstep-git-merge[0m
Using SHAs from PULL_REFS=master:b0fc41503760fe072bf9fbbba8c9a3a6874e2a7f,7:1ef16a143bd8262e1a0c75588bbc09c6559683a1
DEBUG: JX_LOG_LEVEL=error LC_ALL=C git fetch origin --unshallow 1ef16a143bd8262e1a0c75588bbc09c6559683a1: b0fc41503760fe072bf9fbbba8c9a3a6874e2a7f:
DEBUG: ran git fetch --unshallow origin 1ef16a143bd8262e1a0c75588bbc09c6559683a1: b0fc41503760fe072bf9fbbba8c9a3a6874e2a7f: in 
DEBUG: LC_ALL=C JX_LOG_LEVEL=error git branch
DEBUG: LC_ALL=C JX_LOG_LEVEL=error git checkout master
DEBUG: ran git checkout master in 
DEBUG: LC_ALL=C JX_LOG_LEVEL=error git reset --hard b0fc41503760fe072bf9fbbba8c9a3a6874e2a7f
DEBUG: ran git reset --hard b0fc41503760fe072bf9fbbba8c9a3a6874e2a7f in 
DEBUG: LC_ALL=C JX_LOG_LEVEL=error git clean -fd .
DEBUG: ran clean --force -d . in 
DEBUG: LC_ALL=C JX_LOG_LEVEL=error git merge 1ef16a143bd8262e1a0c75588bbc09c6559683a1
DEBUG: ran git merge 1ef16a143bd8262e1a0c75588bbc09c6559683a1 in 
DEBUG: JX_LOG_LEVEL=error LC_ALL=C git log --format=%H%x1f%an%x1f%ae%x1f%cn%x1f%ce%x1f%s%n%b%x1e b0fc41503760fe072bf9fbbba8c9a3a6874e2a7f..HEAD
Merged SHA 1ef16a143bd8262e1a0c75588bbc09c6559683a1 with commit message 'chore: Promote bdd-ghf**y-import-1587554855 to version 0.0.1' into base branch master

Showing logs for build [32mcb-kubecd-environment-pr-206-42-hks45-1[0m stage [32mfrom-build-pack[0m and container [32mstep-build-helm-build[0m
WARNING: No $CHART_REPOSITORY defined so using the default value of: http://jenkins-x-chartmuseum:8080
Adding missing Helm repo: storage.googleapis.com https://storage.googleapis.com/chartmuseum.jenkins-x.io
WARNING: No secrets found on "helm/repos" due: reading the secret "helm/repos" from vault: no secret "helm/repos" not found in vault
Read credentials for https://storage.googleapis.com/chartmuseum.jenkins-x.io from vault helm/repos
Successfully added Helm repository storage.googleapis.com.
Adding missing Helm repo: jenkins-x-chartmuseum http://jenkins-x-chartmuseum:8080
WARNING: No secrets found on "helm/repos" due: reading the secret "helm/repos" from vault: no secret "helm/repos" not found in vault
Read credentials for http://jenkins-x-chartmuseum:8080 from vault helm/repos
Successfully added Helm repository jenkins-x-chartmuseum.
WARNING: No $CHART_REPOSITORY defined so using the default value of: http://jenkins-x-chartmuseum:8080
Adding missing Helm repo: chartmuseum.jenkins-x.io http://chartmuseum.jenkins-x.io
WARNING: No secrets found on "helm/repos" due: reading the secret "helm/repos" from vault: no secret "helm/repos" not found in vault
Read credentials for http://chartmuseum.jenkins-x.io from vault helm/repos
Successfully added Helm repository chartmuseum.jenkins-x.io.
