
Showing logs for build [32mcb-kubecd-environment-pr-206-42-qjkgm-1[0m stage [32mfrom-build-pack[0m and container [32mstep-credential-initializer-smb9v[0m
{"level":"info","ts":1587555811.6089497,"logger":"fallback-logger","caller":"logging/config.go:69","msg":"Fetch GitHub commit ID from kodata failed: open /var/run/ko/refs/heads/0.8.0-ns-support: no such file or directory"}
{"level":"info","ts":1587555811.6108022,"logger":"fallback-logger","caller":"creds-init/main.go:40","msg":"Credentials initialized."}

Showing logs for build [32mcb-kubecd-environment-pr-206-42-qjkgm-1[0m stage [32mfrom-build-pack[0m and container [32mstep-working-dir-initializer-zv6rd[0m
{"level":"info","ts":1587555812.5698214,"logger":"fallback-logger","caller":"logging/config.go:69","msg":"Fetch GitHub commit ID from kodata failed: open /var/run/ko/HEAD: no such file or directory"}
{"level":"info","ts":1587555812.5766337,"logger":"fallback-logger","caller":"bash/main.go:64","msg":"Successfully executed command \"sh -c mkdir -p /workspace/source\"; output "}

Showing logs for build [32mcb-kubecd-environment-pr-206-42-qjkgm-1[0m stage [32mfrom-build-pack[0m and container [32mstep-place-tools[0m

Showing logs for build [32mcb-kubecd-environment-pr-206-42-qjkgm-1[0m stage [32mfrom-build-pack[0m and container [32mstep-git-source-cb-kubecd-environment-pr-206-42-qjkgm-mmfv7[0m
{"level":"info","ts":1587555816.6935084,"logger":"fallback-logger","caller":"logging/config.go:69","msg":"Fetch GitHub commit ID from kodata failed: open /var/run/ko/refs/heads/0.8.0-ns-support: no such file or directory"}
{"level":"info","ts":1587555817.7802594,"logger":"fallback-logger","caller":"git/git.go:103","msg":"Successfully cloned https://github.com/cb-kubecd/environment-pr-206-42-boot-gke-staging.git @ master in path /workspace/source"}

Showing logs for build [32mcb-kubecd-environment-pr-206-42-qjkgm-1[0m stage [32mfrom-build-pack[0m and container [32mstep-git-merge[0m
Using SHAs from PULL_REFS=master:0296bf05af2f03a54077b56567392d4c33c3bfa0,6:1e46da58fce3f1396ab0ff41873726712708e43f
DEBUG: LC_ALL=C JX_LOG_LEVEL=error git fetch origin --unshallow 1e46da58fce3f1396ab0ff41873726712708e43f: 0296bf05af2f03a54077b56567392d4c33c3bfa0:
DEBUG: ran git fetch --unshallow origin 1e46da58fce3f1396ab0ff41873726712708e43f: 0296bf05af2f03a54077b56567392d4c33c3bfa0: in 
DEBUG: LC_ALL=C JX_LOG_LEVEL=error git branch
DEBUG: LC_ALL=C JX_LOG_LEVEL=error git checkout master
DEBUG: ran git checkout master in 
DEBUG: LC_ALL=C JX_LOG_LEVEL=error git reset --hard 0296bf05af2f03a54077b56567392d4c33c3bfa0
DEBUG: ran git reset --hard 0296bf05af2f03a54077b56567392d4c33c3bfa0 in 
DEBUG: LC_ALL=C JX_LOG_LEVEL=error git clean -fd .
DEBUG: ran clean --force -d . in 
DEBUG: LC_ALL=C JX_LOG_LEVEL=error git merge 1e46da58fce3f1396ab0ff41873726712708e43f
DEBUG: ran git merge 1e46da58fce3f1396ab0ff41873726712708e43f in 
DEBUG: JX_LOG_LEVEL=error LC_ALL=C git log --format=%H%x1f%an%x1f%ae%x1f%cn%x1f%ce%x1f%s%n%b%x1e 0296bf05af2f03a54077b56567392d4c33c3bfa0..HEAD
Merged SHA 1e46da58fce3f1396ab0ff41873726712708e43f with commit message 'chore: Promote bdd-sbrp-import-1587554855 to version 0.0.1' into base branch master

Showing logs for build [32mcb-kubecd-environment-pr-206-42-qjkgm-1[0m stage [32mfrom-build-pack[0m and container [32mstep-build-helm-build[0m
WARNING: No $CHART_REPOSITORY defined so using the default value of: http://jenkins-x-chartmuseum:8080
Adding missing Helm repo: storage.googleapis.com https://storage.googleapis.com/chartmuseum.jenkins-x.io
WARNING: No secrets found on "helm/repos" due: reading the secret "helm/repos" from vault: no secret "helm/repos" not found in vault
Read credentials for https://storage.googleapis.com/chartmuseum.jenkins-x.io from vault helm/repos
Successfully added Helm repository storage.googleapis.com.
Adding missing Helm repo: jenkins-x-chartmuseum http://jenkins-x-chartmuseum:8080
WARNING: No secrets found on "helm/repos" due: reading the secret "helm/repos" from vault: no secret "helm/repos" not found in vault
Read credentials for http://jenkins-x-chartmuseum:8080 from vault helm/repos
Successfully added Helm repository jenkins-x-chartmuseum.
WARNING: No $CHART_REPOSITORY defined so using the default value of: http://jenkins-x-chartmuseum:8080
Adding missing Helm repo: chartmuseum.jenkins-x.io http://chartmuseum.jenkins-x.io
WARNING: No secrets found on "helm/repos" due: reading the secret "helm/repos" from vault: no secret "helm/repos" not found in vault
Read credentials for http://chartmuseum.jenkins-x.io from vault helm/repos
Successfully added Helm repository chartmuseum.jenkins-x.io.
