
Showing logs for build [32mcb-kubecd-environment-pr-206-42-tht4k-1[0m stage [32mfrom-build-pack[0m and container [32mstep-credential-initializer-9gx9h[0m
{"level":"info","ts":1587554201.5113196,"logger":"fallback-logger","caller":"logging/config.go:69","msg":"Fetch GitHub commit ID from kodata failed: open /var/run/ko/refs/heads/0.8.0-ns-support: no such file or directory"}
{"level":"info","ts":1587554201.5120363,"logger":"fallback-logger","caller":"creds-init/main.go:40","msg":"Credentials initialized."}

Showing logs for build [32mcb-kubecd-environment-pr-206-42-tht4k-1[0m stage [32mfrom-build-pack[0m and container [32mstep-working-dir-initializer-hx85f[0m
{"level":"info","ts":1587554203.0949016,"logger":"fallback-logger","caller":"logging/config.go:69","msg":"Fetch GitHub commit ID from kodata failed: open /var/run/ko/HEAD: no such file or directory"}
{"level":"info","ts":1587554203.0968626,"logger":"fallback-logger","caller":"bash/main.go:64","msg":"Successfully executed command \"sh -c mkdir -p /workspace/source\"; output "}

Showing logs for build [32mcb-kubecd-environment-pr-206-42-tht4k-1[0m stage [32mfrom-build-pack[0m and container [32mstep-place-tools[0m

Showing logs for build [32mcb-kubecd-environment-pr-206-42-tht4k-1[0m stage [32mfrom-build-pack[0m and container [32mstep-git-source-cb-kubecd-environment-pr-206-42-tht4k-5vmpr[0m
{"level":"info","ts":1587554208.2282186,"logger":"fallback-logger","caller":"logging/config.go:69","msg":"Fetch GitHub commit ID from kodata failed: open /var/run/ko/refs/heads/0.8.0-ns-support: no such file or directory"}
{"level":"info","ts":1587554209.3293798,"logger":"fallback-logger","caller":"git/git.go:103","msg":"Successfully cloned https://github.com/cb-kubecd/environment-pr-206-42-boot-gke-staging.git @ master in path /workspace/source"}

Showing logs for build [32mcb-kubecd-environment-pr-206-42-tht4k-1[0m stage [32mfrom-build-pack[0m and container [32mstep-git-merge[0m
Using SHAs from PULL_REFS=master:06024deae5e9060c71110649bc8abb86e0f2f976,4:80b37c9598702f2bb1c653439a2b2d450e7ed889
DEBUG: LC_ALL=C JX_LOG_LEVEL=error git fetch origin --unshallow 80b37c9598702f2bb1c653439a2b2d450e7ed889: 06024deae5e9060c71110649bc8abb86e0f2f976:
DEBUG: ran git fetch --unshallow origin 80b37c9598702f2bb1c653439a2b2d450e7ed889: 06024deae5e9060c71110649bc8abb86e0f2f976: in 
DEBUG: LC_ALL=C JX_LOG_LEVEL=error git branch
DEBUG: LC_ALL=C JX_LOG_LEVEL=error git checkout master
DEBUG: ran git checkout master in 
DEBUG: JX_LOG_LEVEL=error LC_ALL=C git reset --hard 06024deae5e9060c71110649bc8abb86e0f2f976
DEBUG: ran git reset --hard 06024deae5e9060c71110649bc8abb86e0f2f976 in 
DEBUG: LC_ALL=C JX_LOG_LEVEL=error git clean -fd .
DEBUG: ran clean --force -d . in 
DEBUG: LC_ALL=C JX_LOG_LEVEL=error git merge 80b37c9598702f2bb1c653439a2b2d450e7ed889
DEBUG: ran git merge 80b37c9598702f2bb1c653439a2b2d450e7ed889 in 
DEBUG: LC_ALL=C JX_LOG_LEVEL=error git log --format=%H%x1f%an%x1f%ae%x1f%cn%x1f%ce%x1f%s%n%b%x1e 06024deae5e9060c71110649bc8abb86e0f2f976..HEAD
Merged SHA 80b37c9598702f2bb1c653439a2b2d450e7ed889 with commit message 'chore: Promote bdd-sbhg-1587552486 to version 0.0.1' into base branch master

Showing logs for build [32mcb-kubecd-environment-pr-206-42-tht4k-1[0m stage [32mfrom-build-pack[0m and container [32mstep-build-helm-build[0m
WARNING: No $CHART_REPOSITORY defined so using the default value of: http://jenkins-x-chartmuseum:8080
Adding missing Helm repo: storage.googleapis.com https://storage.googleapis.com/chartmuseum.jenkins-x.io
WARNING: No secrets found on "helm/repos" due: reading the secret "helm/repos" from vault: no secret "helm/repos" not found in vault
Read credentials for https://storage.googleapis.com/chartmuseum.jenkins-x.io from vault helm/repos
Successfully added Helm repository storage.googleapis.com.
Adding missing Helm repo: jenkins-x-chartmuseum http://jenkins-x-chartmuseum:8080
WARNING: No secrets found on "helm/repos" due: reading the secret "helm/repos" from vault: no secret "helm/repos" not found in vault
Read credentials for http://jenkins-x-chartmuseum:8080 from vault helm/repos
Successfully added Helm repository jenkins-x-chartmuseum.
WARNING: No $CHART_REPOSITORY defined so using the default value of: http://jenkins-x-chartmuseum:8080
Adding missing Helm repo: chartmuseum.jenkins-x.io http://chartmuseum.jenkins-x.io
WARNING: No secrets found on "helm/repos" due: reading the secret "helm/repos" from vault: no secret "helm/repos" not found in vault
Read credentials for http://chartmuseum.jenkins-x.io from vault helm/repos
Successfully added Helm repository chartmuseum.jenkins-x.io.
