
Showing logs for build [32mcb-kubecd-environment-pr-206-42-kfvhm-1[0m stage [32mfrom-build-pack[0m and container [32mstep-credential-initializer-984kq[0m
{"level":"info","ts":1587551712.9348934,"logger":"fallback-logger","caller":"logging/config.go:69","msg":"Fetch GitHub commit ID from kodata failed: open /var/run/ko/refs/heads/0.8.0-ns-support: no such file or directory"}
{"level":"info","ts":1587551712.935561,"logger":"fallback-logger","caller":"creds-init/main.go:40","msg":"Credentials initialized."}

Showing logs for build [32mcb-kubecd-environment-pr-206-42-kfvhm-1[0m stage [32mfrom-build-pack[0m and container [32mstep-working-dir-initializer-72z4h[0m
{"level":"info","ts":1587551713.9494214,"logger":"fallback-logger","caller":"logging/config.go:69","msg":"Fetch GitHub commit ID from kodata failed: open /var/run/ko/HEAD: no such file or directory"}
{"level":"info","ts":1587551713.9513936,"logger":"fallback-logger","caller":"bash/main.go:64","msg":"Successfully executed command \"sh -c mkdir -p /workspace/source\"; output "}

Showing logs for build [32mcb-kubecd-environment-pr-206-42-kfvhm-1[0m stage [32mfrom-build-pack[0m and container [32mstep-place-tools[0m

Showing logs for build [32mcb-kubecd-environment-pr-206-42-kfvhm-1[0m stage [32mfrom-build-pack[0m and container [32mstep-git-source-cb-kubecd-environment-pr-206-42-kfvhm-dbkhc[0m
{"level":"info","ts":1587551720.0456247,"logger":"fallback-logger","caller":"logging/config.go:69","msg":"Fetch GitHub commit ID from kodata failed: open /var/run/ko/refs/heads/0.8.0-ns-support: no such file or directory"}
{"level":"info","ts":1587551721.1356182,"logger":"fallback-logger","caller":"git/git.go:103","msg":"Successfully cloned https://github.com/cb-kubecd/environment-pr-206-42-boot-gke-staging.git @ master in path /workspace/source"}

Showing logs for build [32mcb-kubecd-environment-pr-206-42-kfvhm-1[0m stage [32mfrom-build-pack[0m and container [32mstep-git-merge[0m
Using SHAs from PULL_REFS=master:b0dc767fd013f1d09c5042bf85bc21a0ae0c1b1e,1:3836e3adc9c40f4abdb15fe337ad5c183832317b
DEBUG: LC_ALL=C JX_LOG_LEVEL=error git fetch origin --unshallow 3836e3adc9c40f4abdb15fe337ad5c183832317b: b0dc767fd013f1d09c5042bf85bc21a0ae0c1b1e:
DEBUG: ran git fetch --unshallow origin 3836e3adc9c40f4abdb15fe337ad5c183832317b: b0dc767fd013f1d09c5042bf85bc21a0ae0c1b1e: in 
DEBUG: LC_ALL=C JX_LOG_LEVEL=error git branch
DEBUG: LC_ALL=C JX_LOG_LEVEL=error git checkout master
DEBUG: ran git checkout master in 
DEBUG: LC_ALL=C JX_LOG_LEVEL=error git reset --hard b0dc767fd013f1d09c5042bf85bc21a0ae0c1b1e
DEBUG: ran git reset --hard b0dc767fd013f1d09c5042bf85bc21a0ae0c1b1e in 
DEBUG: JX_LOG_LEVEL=error LC_ALL=C git clean -fd .
DEBUG: ran clean --force -d . in 
DEBUG: JX_LOG_LEVEL=error LC_ALL=C git merge 3836e3adc9c40f4abdb15fe337ad5c183832317b
DEBUG: ran git merge 3836e3adc9c40f4abdb15fe337ad5c183832317b in 
DEBUG: LC_ALL=C JX_LOG_LEVEL=error git log --format=%H%x1f%an%x1f%ae%x1f%cn%x1f%ce%x1f%s%n%b%x1e b0dc767fd013f1d09c5042bf85bc21a0ae0c1b1e..HEAD
Merged SHA 3836e3adc9c40f4abdb15fe337ad5c183832317b with commit message 'chore: Promote bdd-spring-1587551304 to version 0.0.1' into base branch master

Showing logs for build [32mcb-kubecd-environment-pr-206-42-kfvhm-1[0m stage [32mfrom-build-pack[0m and container [32mstep-build-helm-build[0m
WARNING: No $CHART_REPOSITORY defined so using the default value of: http://jenkins-x-chartmuseum:8080
Adding missing Helm repo: storage.googleapis.com https://storage.googleapis.com/chartmuseum.jenkins-x.io
WARNING: No secrets found on "helm/repos" due: reading the secret "helm/repos" from vault: no secret "helm/repos" not found in vault
Read credentials for https://storage.googleapis.com/chartmuseum.jenkins-x.io from vault helm/repos
Successfully added Helm repository storage.googleapis.com.
Adding missing Helm repo: jenkins-x-chartmuseum http://jenkins-x-chartmuseum:8080
WARNING: No secrets found on "helm/repos" due: reading the secret "helm/repos" from vault: no secret "helm/repos" not found in vault
Read credentials for http://jenkins-x-chartmuseum:8080 from vault helm/repos
Successfully added Helm repository jenkins-x-chartmuseum.
WARNING: No $CHART_REPOSITORY defined so using the default value of: http://jenkins-x-chartmuseum:8080
Adding missing Helm repo: chartmuseum.jenkins-x.io http://chartmuseum.jenkins-x.io
WARNING: No secrets found on "helm/repos" due: reading the secret "helm/repos" from vault: no secret "helm/repos" not found in vault
Read credentials for http://chartmuseum.jenkins-x.io from vault helm/repos
Successfully added Helm repository chartmuseum.jenkins-x.io.
